+0800-08-26 11:09:20: æœåŠ¡å™¨ç«¯å·²å¯åŠ¨ï¼Œç›‘å¬ 3001 ç«¯å£...
+0800-08-26 11:09:20: æ•°æ®åº“æ•°æ®å·²ç»å‡†å¤‡å®Œæ¯•....
+0800-08-26 11:15:27: æ­£åœ¨è·å–è¿œç¨‹åˆ†æ”¯
+0800-08-26 11:15:32: [0mGET /api/branchs [32m200 [0m4909.073 ms - 117[0m
+0800-08-26 11:43:24: æ­£åœ¨è·å–è¿œç¨‹åˆ†æ”¯
+0800-08-26 11:43:28: [0mGET /api/branchs [32m200 [0m4207.995 ms - 117[0m
+0800-08-26 11:48:57: æ­£åœ¨è·å–è¿œç¨‹åˆ†æ”¯
+0800-08-26 11:49:01: [0mGET /api/branchs [32m200 [0m3867.886 ms - 117[0m
+0800-08-26 11:49:34: æœåŠ¡å™¨ç«¯å·²å¯åŠ¨ï¼Œç›‘å¬ 3001 ç«¯å£...
+0800-08-26 11:49:34: æ•°æ®åº“æ•°æ®å·²ç»å‡†å¤‡å®Œæ¯•....
+0800-08-26 11:49:38: æ­£åœ¨è·å–è¿œç¨‹åˆ†æ”¯
+0800-08-26 11:49:38: [0mGET /api/branchs [32m200 [0m12.892 ms - 47[0m
+0800-08-26 11:50:56: æœåŠ¡å™¨ç«¯å·²å¯åŠ¨ï¼Œç›‘å¬ 3001 ç«¯å£...
+0800-08-26 11:50:56: æ•°æ®åº“æ•°æ®å·²ç»å‡†å¤‡å®Œæ¯•....
+0800-08-26 11:50:59: [0mGET /api/branchs [32m200 [0m3.187 ms - 47[0m
+0800-08-26 11:51:28: æœåŠ¡å™¨ç«¯å·²å¯åŠ¨ï¼Œç›‘å¬ 3001 ç«¯å£...
+0800-08-26 11:51:28: æ•°æ®åº“æ•°æ®å·²ç»å‡†å¤‡å®Œæ¯•....
+0800-08-26 11:51:30: [0mGET /api/branchs [32m200 [0m3.101 ms - 47[0m
+0800-08-26 11:52:11: æœåŠ¡å™¨ç«¯å·²å¯åŠ¨ï¼Œç›‘å¬ 3001 ç«¯å£...
+0800-08-26 11:52:11: æ•°æ®åº“æ•°æ®å·²ç»å‡†å¤‡å®Œæ¯•....
+0800-08-26 11:52:14: 111
+0800-08-26 11:52:14: [0mGET /api/branchs [32m200 [0m3.553 ms - 47[0m
+0800-08-26 14:51:30: æœåŠ¡å™¨ç«¯å·²å¯åŠ¨ï¼Œç›‘å¬ 3001 ç«¯å£...
+0800-08-26 14:51:30: æ•°æ®åº“æ•°æ®å·²ç»å‡†å¤‡å®Œæ¯•....
+0800-08-26 14:51:38: æ­£åœ¨è·å–è¿œç¨‹åˆ†æ”¯
+0800-08-26 14:51:42: [0mGET /api/branchs [32m200 [0m4029.373 ms - 130[0m
+0800-08-26 14:52:28: æ­£åœ¨è·å–è¿œç¨‹åˆ†æ”¯
+0800-08-26 14:52:32: [0mGET /api/branchs [32m200 [0m3770.618 ms - 130[0m
+0800-08-26 14:55:27: æ­£åœ¨è·å–è¿œç¨‹åˆ†æ”¯
+0800-08-26 14:55:31: [0mGET /api/branchs [32m200 [0m4433.038 ms - 130[0m
+0800-08-26 14:57:06: 1111232
+0800-08-26 14:57:06: æ­£åœ¨æ‰“åŒ…æ–‡ä»¶
+0800-08-26 14:57:08: 
+0800-08-26 14:57:08: > buildmanagement@0.0.0 build
+0800-08-26 14:57:08: > vite build
+0800-08-26 14:57:08: 
+0800-08-26 14:57:08: 
+0800-08-26 14:57:09: [36mvite v5.4.2 [32mbuilding for production...[36m[39m
+0800-08-26 14:57:09: 
+0800-08-26 14:57:10: transforming...
+0800-08-26 14:57:10: 
+0800-08-26 14:57:10: [32mâœ“[39m 16 modules transformed.
+0800-08-26 14:57:10: 
+0800-08-26 14:57:11: rendering chunks...
+0800-08-26 14:57:11: 
+0800-08-26 14:57:11: computing gzip size...
+0800-08-26 14:57:11: 
+0800-08-26 14:57:11: [2mdist/[22m[32mindex.html                 [39m[1m[2m 0.46 kB[22m[1m[22m[2m â”‚ gzip:  0.30 kB[22m
+0800-08-26 14:57:11: 
+0800-08-26 14:57:11: [2mdist/[22m[35massets/index-BJLh6Aef.css  [39m[1m[2m 1.27 kB[22m[1m[22m[2m â”‚ gzip:  0.65 kB[22m
+0800-08-26 14:57:11: [2mdist/[22m[36massets/index-BDz7LgYW.js   [39m[1m[2m56.25 kB[22m[1m[22m[2m â”‚ gzip: 22.78 kB[22m
+0800-08-26 14:57:11: 
+0800-08-26 14:57:11: [32mâœ“ built in 1.21s[39m
+0800-08-26 14:57:11: 
+0800-08-26 14:57:11: ç»“æŸ false
+0800-08-26 14:57:11: åˆ›å»ºå®Œæˆ
+0800-08-26 14:57:11: å·²ç»åˆ é™¤
+0800-08-26 14:57:11: [0mPOST /api/build/1111232 [32m200 [0m4724.604 ms - 57[0m
+0800-08-26 14:57:11: æˆåŠŸ
